2023-04-24 13:44:37,841 INFO c.e.d.SareetaApplication [main] Starting SareetaApplication on DESKTOP-5EN43Q6 with PID 19116 (started by Maike Wehmeyer in C:\Users\Maike Wehmeyer\Documents\Java Web Development Course\Part 4\Github_privat\nd035-c4-Security-and-DevOps\starter_code)
2023-04-24 13:44:37,857 DEBUG c.e.d.SareetaApplication [main] Running with Spring Boot v2.1.5.RELEASE, Spring v5.1.7.RELEASE
2023-04-24 13:44:37,857 INFO c.e.d.SareetaApplication [main] No active profile set, falling back to default profiles: default
2023-04-24 13:44:40,614 DEBUG c.e.d.s.JWTAuthenticationVerficationFilter [main] Filter 'JWTAuthenticationVerficationFilter' configured for use
2023-04-24 13:44:41,338 INFO c.e.d.SareetaApplication [main] Started SareetaApplication in 3.758 seconds (JVM running for 4.506)
2023-04-24 13:44:41,343 INFO c.e.d.SareetaApplication [main] Ecommerce Application Started
2023-04-24 13:45:10,852 DEBUG c.e.d.c.UserController [http-nio-8081-exec-4] Username set to mw.
2023-04-24 13:45:10,967 INFO c.e.d.c.UserController [http-nio-8081-exec-4] User with name mw was saved.
2023-04-24 13:45:16,569 INFO c.e.d.c.OrderController [http-nio-8081-exec-8] The order for user mw was submitted.
2023-04-24 15:01:09,136 DEBUG c.e.d.c.UserController [main] Username set to test.
2023-04-24 15:01:09,141 INFO c.e.d.c.UserController [main] User with name test was saved.
2023-04-24 15:01:09,154 DEBUG c.e.d.c.UserController [main] Username set to test.
2023-04-24 15:01:09,155 INFO c.e.d.c.UserController [main] User with name test was saved.
2023-04-24 15:01:09,155 DEBUG c.e.d.c.UserController [main] Username set to test.
2023-04-24 15:01:09,156 INFO c.e.d.c.UserController [main] User with name test was saved.
2023-04-24 15:01:09,157 DEBUG c.e.d.c.UserController [main] Username set to test.
2023-04-24 15:01:09,157 ERROR c.e.d.c.UserController [main] Error with creating the password for user test. It is either too short or doesn't match.
2023-04-24 15:15:38,915 INFO c.e.d.c.OrderController [main] The order for user test was submitted.
2023-04-24 15:18:02,077 INFO c.e.d.c.OrderController [main] The order for user test was submitted.
2023-04-24 15:18:11,599 INFO c.e.d.c.OrderController [main] The order for user test was submitted.
2023-04-24 15:18:17,337 DEBUG c.e.d.c.UserController [main] Username set to test.
2023-04-24 15:18:17,343 INFO c.e.d.c.UserController [main] User with name test was saved.
2023-04-24 15:18:17,357 DEBUG c.e.d.c.UserController [main] Username set to test.
2023-04-24 15:18:17,357 INFO c.e.d.c.UserController [main] User with name test was saved.
2023-04-24 15:18:17,359 DEBUG c.e.d.c.UserController [main] Username set to test.
2023-04-24 15:18:17,359 INFO c.e.d.c.UserController [main] User with name test was saved.
2023-04-24 15:18:17,359 DEBUG c.e.d.c.UserController [main] Username set to test.
2023-04-24 15:18:17,360 ERROR c.e.d.c.UserController [main] Error with creating the password for user test. It is either too short or doesn't match.
2023-04-24 15:35:45,046 INFO c.e.d.SareetaApplication [main] Starting SareetaApplication on DESKTOP-5EN43Q6 with PID 15540 (started by Maike Wehmeyer in C:\Users\Maike Wehmeyer\Documents\Java Web Development Course\Part 4\Github_privat\nd035-c4-Security-and-DevOps\starter_code)
2023-04-24 15:35:45,051 DEBUG c.e.d.SareetaApplication [main] Running with Spring Boot v2.1.5.RELEASE, Spring v5.1.7.RELEASE
2023-04-24 15:35:45,052 INFO c.e.d.SareetaApplication [main] No active profile set, falling back to default profiles: default
2023-04-24 15:35:47,631 DEBUG c.e.d.s.JWTAuthenticationVerficationFilter [main] Filter 'JWTAuthenticationVerficationFilter' configured for use
2023-04-24 15:35:48,210 INFO c.e.d.SareetaApplication [main] Started SareetaApplication in 3.381 seconds (JVM running for 4.024)
2023-04-24 15:35:48,211 INFO c.e.d.SareetaApplication [main] Ecommerce Application Started
2023-04-24 15:35:53,093 DEBUG c.e.d.c.UserController [http-nio-8081-exec-1] Username set to mw.
2023-04-24 15:35:53,216 INFO c.e.d.c.UserController [http-nio-8081-exec-1] User with name mw was saved.
2023-04-24 15:35:59,623 INFO c.e.d.c.ItemController [http-nio-8081-exec-5] all items are shown.
2023-04-24 15:36:02,169 INFO c.e.d.c.CartController [http-nio-8081-exec-4] Cart was saved for user mw.
2023-04-24 15:36:04,600 INFO c.e.d.c.OrderController [http-nio-8081-exec-6] The order for user mw was submitted. The total price of the order is 2.99.
2023-04-24 15:36:06,585 INFO c.e.d.c.OrderController [http-nio-8081-exec-7] The orders from user mw are shown. The person has 1 orders.
